     1     0     1     0     0   100
     1     0     1    50     0   100
     1     0     1     0    50   100
     1     0     1    50    50   100
     1     0     2     0     0    50
     1     0     2    25     0    50
     1     0     2     0    25    50
     1     0     2    25    25    50
     1     1     2     0     0    50
     1     1     2    25     0    50
     1     0     4     0     0    25
     1     2     4     0     0    25
     1     0     5     0     0    20
     1     0     5    10     0    20
     1     0     5     0    10    20
     1     0     5    10    10    20
     1     0    10     0     0    10
     1     0    10     5     0    10
     1     0    10     0     5    10
     1     0    10     5     5    10
     1     5    10     0     0    10
     1     5    10     5     0    10
     1     0    20     0     0     5
     1    10    20     0     0     5
     1     0    25     0     0     4
     1     0    25     2     0     4
     1     0    25     0     2     4
     1     0    25     2     2     4
     1     0    50     0     0     2
     1     0    50     1     0     2
     1     0    50     0     1     2
     1     0    50     1     1     2
     1    25    50     0     0     2
     1    25    50     1     0     2
     1     0   100     0     0     1
     1    50   100     0     0     1
     2     0     1     0     0    50
     2     0     1    25     0    50
     2     0     1     0    25    50
     2     0     1    25    25    50
     2     0     2     0     0    25
     2     1     2     0     0    25
     2     0     5     0     0    10
     2     0     5     5     0    10
     2     0     5     0     5    10
     2     0     5     5     5    10
     2     0    10     0     0     5
     2     5    10     0     0     5
     2     0    25     0     0     2
     2     0    25     1     0     2
     2     0    25     0     1     2
     2     0    25     1     1     2
     2     0    50     0     0     1
     2    25    50     0     0     1
     4     0     1     0     0    25
     4     0     5     0     0     5
     4     0    25     0     0     1
     5     0     1     0     0    20
     5     0     1    10     0    20
     5     0     1     0    10    20
     5     0     1    10    10    20
     5     0     2     0     0    10
     5     0     2     5     0    10
     5     0     2     0     5    10
     5     0     2     5     5    10
     5     1     2     0     0    10
     5     1     2     5     0    10
     5     0     4     0     0     5
     5     2     4     0     0     5
     5     0     5     0     0     4
     5     0     5     2     0     4
     5     0     5     0     2     4
     5     0     5     2     2     4
     5     0    10     0     0     2
     5     0    10     1     0     2
     5     0    10     0     1     2
     5     0    10     1     1     2
     5     5    10     0     0     2
     5     5    10     1     0     2
     5     0    20     0     0     1
     5    10    20     0     0     1
    10     0     1     0     0    10
    10     0     1     5     0    10
    10     0     1     0     5    10
    10     0     1     5     5    10
    10     0     2     0     0     5
    10     1     2     0     0     5
    10     0     5     0     0     2
    10     0     5     1     0     2
    10     0     5     0     1     2
    10     0     5     1     1     2
    10     0    10     0     0     1
    10     5    10     0     0     1
    20     0     1     0     0     5
    20     0     5     0     0     1
    25     0     1     0     0     4
    25     0     1     2     0     4
    25     0     1     0     2     4
    25     0     1     2     2     4
    25     0     2     0     0     2
    25     0     2     1     0     2
    25     0     2     0     1     2
    25     0     2     1     1     2
    25     1     2     0     0     2
    25     1     2     1     0     2
    25     0     4     0     0     1
    25     2     4     0     0     1
    50     0     1     0     0     2
    50     0     1     1     0     2
    50     0     1     0     1     2
    50     0     1     1     1     2
    50     0     2     0     0     1
    50     1     2     0     0     1
   100     0     1     0     0     1
